
    sqlmap/1.0-dev-278c562 - automatic SQL injection and database takeover tool
    http://sqlmap.org

[!] legal disclaimer: Usage of sqlmap for attacking targets without prior mutual consent is illegal. It is the end user's responsibility to obey all applicable local, state and federal laws. Developers assume no liability and are not responsible for any misuse or damage caused by this program

[*] starting at 20:07:47

[?1049h[1;24r(B[m[4l[?7h[24;1H[?1049l[?1l>[20:07:47] [INFO] testing connection to the target URL
[20:07:48] [INFO] testing if the target URL is stable. This can take a couple of seconds
[20:07:49] [INFO] target URL is stable
[20:07:49] [INFO] testing if GET parameter 'unionname' is dynamic
[20:07:49] [WARNING] GET parameter 'unionname' does not appear dynamic
[20:07:49] [WARNING] heuristic (basic) test shows that GET parameter 'unionname' might not be injectable
[20:07:49] [INFO] testing for SQL injection on GET parameter 'unionname'
[20:07:49] [INFO] testing 'AND boolean-based blind - WHERE or HAVING clause'
[20:07:49] [WARNING] reflective value(s) found and filtering out
[20:08:00] [INFO] testing 'AND boolean-based blind - WHERE or HAVING clause (MySQL comment)'
[20:08:10] [INFO] testing 'AND boolean-based blind - WHERE or HAVING clause (Generic comment)'
[20:08:20] [INFO] testing 'OR boolean-based blind - WHERE or HAVING clause'
[20:08:27] [INFO] testing 'OR boolean-based blind - WHERE or HAVING clause (MySQL comment)'
[20:08:35] [INFO] testing 'OR boolean-based blind - WHERE or HAVING clause (Generic comment)'
[20:08:43] [INFO] testing 'MySQL boolean-based blind - WHERE, HAVING, ORDER BY or GROUP BY clause (RLIKE)'
[20:08:52] [INFO] testing 'Generic boolean-based blind - Parameter replace (original value)'
[20:08:52] [INFO] testing 'MySQL boolean-based blind - Parameter replace (MAKE_SET - original value)'
[20:08:53] [INFO] testing 'MySQL boolean-based blind - Parameter replace (ELT - original value)'
[20:08:53] [INFO] testing 'MySQL boolean-based blind - Parameter replace (bool*int - original value)'
[20:08:53] [INFO] testing 'MySQL >= 5.0 boolean-based blind - Parameter replace (original value)'
[20:08:53] [INFO] testing 'MySQL < 5.0 boolean-based blind - Parameter replace (original value)'
[20:08:54] [INFO] testing 'PostgreSQL boolean-based blind - Parameter replace (GENERATE_SERIES - original value)'
[20:08:54] [INFO] testing 'Microsoft SQL Server/Sybase boolean-based blind - Parameter replace (original value)'
[20:08:54] [INFO] testing 'Oracle boolean-based blind - Parameter replace (original value)'
[20:08:54] [INFO] testing 'Microsoft Access boolean-based blind - Parameter replace (original value)'
[20:08:55] [INFO] testing 'SAP MaxDB boolean-based blind - Parameter replace (original value)'
[20:08:55] [INFO] testing 'Generic boolean-based blind - GROUP BY and ORDER BY clauses'
[20:08:55] [INFO] testing 'Generic boolean-based blind - GROUP BY and ORDER BY clauses (original value)'
[20:08:55] [INFO] testing 'MySQL >= 5.0 boolean-based blind - GROUP BY and ORDER BY clauses'
[20:08:56] [INFO] testing 'MySQL < 5.0 boolean-based blind - GROUP BY and ORDER BY clauses'
[20:08:56] [INFO] testing 'Microsoft SQL Server/Sybase boolean-based blind - ORDER BY clause'
[20:08:56] [INFO] testing 'Oracle boolean-based blind - GROUP BY and ORDER BY clauses'
[20:08:56] [INFO] testing 'Microsoft Access boolean-based blind - GROUP BY and ORDER BY clauses'
[20:08:57] [INFO] testing 'Microsoft SQL Server/Sybase stacked conditional-error blind queries'
[20:09:09] [INFO] testing 'PostgreSQL stacked conditional-error blind queries'
[20:09:18] [WARNING] GET parameter 'unionname' is not injectable
[20:09:18] [INFO] testing if User-Agent parameter 'User-Agent' is dynamic
[20:09:18] [INFO] confirming that User-Agent parameter 'User-Agent' is dynamic
[20:09:18] [INFO] User-Agent parameter 'User-Agent' is dynamic
[20:09:18] [WARNING] heuristic (basic) test shows that User-Agent parameter 'User-Agent' might not be injectable
[20:09:18] [INFO] testing for SQL injection on User-Agent parameter 'User-Agent'
[20:09:18] [INFO] testing 'AND boolean-based blind - WHERE or HAVING clause'
[20:09:27] [INFO] testing 'AND boolean-based blind - WHERE or HAVING clause (MySQL comment)'
[20:09:36] [INFO] testing 'AND boolean-based blind - WHERE or HAVING clause (Generic comment)'
[20:09:45] [INFO] testing 'OR boolean-based blind - WHERE or HAVING clause'
[20:09:52] [INFO] testing 'OR boolean-based blind - WHERE or HAVING clause (MySQL comment)'
[20:10:00] [INFO] testing 'OR boolean-based blind - WHERE or HAVING clause (Generic comment)'
[20:10:08] [INFO] testing 'MySQL boolean-based blind - WHERE, HAVING, ORDER BY or GROUP BY clause (RLIKE)'
[20:10:17] [INFO] testing 'Generic boolean-based blind - Parameter replace (original value)'
[20:10:17] [INFO] testing 'MySQL boolean-based blind - Parameter replace (MAKE_SET - original value)'
[20:10:18] [INFO] testing 'MySQL boolean-based blind - Parameter replace (ELT - original value)'
[20:10:18] [INFO] testing 'MySQL boolean-based blind - Parameter replace (bool*int - original value)'
[20:10:18] [INFO] testing 'MySQL >= 5.0 boolean-based blind - Parameter replace (original value)'
[20:10:18] [INFO] testing 'MySQL < 5.0 boolean-based blind - Parameter replace (original value)'
[20:10:18] [INFO] testing 'PostgreSQL boolean-based blind - Parameter replace (GENERATE_SERIES - original value)'
[20:10:19] [INFO] testing 'Microsoft SQL Server/Sybase boolean-based blind - Parameter replace (original value)'
[20:10:19] [INFO] testing 'Oracle boolean-based blind - Parameter replace (original value)'
[20:10:19] [INFO] testing 'Microsoft Access boolean-based blind - Parameter replace (original value)'
[20:10:19] [INFO] testing 'SAP MaxDB boolean-based blind - Parameter replace (original value)'
[20:10:20] [INFO] testing 'Generic boolean-based blind - GROUP BY and ORDER BY clauses'
[20:10:20] [INFO] testing 'Generic boolean-based blind - GROUP BY and ORDER BY clauses (original value)'
[20:10:20] [INFO] testing 'MySQL >= 5.0 boolean-based blind - GROUP BY and ORDER BY clauses'
[20:10:20] [INFO] testing 'MySQL < 5.0 boolean-based blind - GROUP BY and ORDER BY clauses'
[20:10:21] [INFO] testing 'Microsoft SQL Server/Sybase boolean-based blind - ORDER BY clause'
[20:10:21] [INFO] testing 'Oracle boolean-based blind - GROUP BY and ORDER BY clauses'
[20:10:21] [INFO] testing 'Microsoft Access boolean-based blind - GROUP BY and ORDER BY clauses'
[20:10:21] [INFO] testing 'Microsoft SQL Server/Sybase stacked conditional-error blind queries'
[20:10:31] [INFO] testing 'PostgreSQL stacked conditional-error blind queries'
[20:10:38] [WARNING] User-Agent parameter 'User-Agent' is not injectable
[20:10:38] [CRITICAL] all tested parameters appear to be not injectable. Rerun without providing the option '--technique'. Also, you can try to rerun by providing either a valid value for option '--string' (or '--regexp')

[*] shutting down at 20:10:38

